<?xml version="1.0" encoding="UTF-8"?>
<testsuite name="com.example.project.TestFibonacci" tests="5" skipped="0" failures="0" errors="0" timestamp="2025-01-08T16:14:58" hostname="codespaces-8df2ae" time="0.187">
  <properties/>
  <testcase name="testGetIndexOf()" classname="com.example.project.TestFibonacci" time="0.097"/>
  <testcase name="testGetSequence()" classname="com.example.project.TestFibonacci" time="0.005"/>
  <testcase name="testExtendBy()" classname="com.example.project.TestFibonacci" time="0.004"/>
  <testcase name="testFibonacciString()" classname="com.example.project.TestFibonacci" time="0.053"/>
  <testcase name="testConstructor()" classname="com.example.project.TestFibonacci" time="0.002"/>
  <system-out><![CDATA[]]></system-out>
  <system-err><![CDATA[]]></system-err>
</testsuite>
